<?xml version="1.0" encoding="UTF-8"?>
<!-- Generated by org.testng.reporters.JUnitReportReporter -->
<testsuite skipped="0" hostname="yuvi" name="com.wp.jenkins.TestHeadless" tests="1" failures="0" timestamp="2019-09-28T12:29:04 IST" time="70.073" errors="0">
  <testcase name="HeadlessBrowser_Test" time="70.073" classname="com.wp.jenkins.TestHeadless"/>
</testsuite> <!-- com.wp.jenkins.TestHeadless -->
