<?xml version="1.0" encoding="UTF-8"?>
<!-- Generated by org.testng.reporters.JUnitReportReporter -->
<testsuite skipped="0" hostname="yuvi" name="com.wp.automation.Flipkart" tests="7" failures="0" timestamp="2019-09-29T00:18:10 IST" time="37.324" errors="0">
  <testcase name="login" time="5.953" classname="com.wp.automation.Flipkart"/>
  <testcase name="searchItems" time="3.785" classname="com.wp.automation.Flipkart"/>
  <testcase name="selectItem" time="3.343" classname="com.wp.automation.Flipkart"/>
  <testcase name="addToCart" time="5.603" classname="com.wp.automation.Flipkart"/>
  <testcase name="placeOrder" time="8.124" classname="com.wp.automation.Flipkart"/>
  <testcase name="orderSummary" time="7.286" classname="com.wp.automation.Flipkart"/>
  <testcase name="selectPaymentMode" time="3.230" classname="com.wp.automation.Flipkart"/>
</testsuite> <!-- com.wp.automation.Flipkart -->
